<?xml version="1.0" encoding="UTF-8"?>
<!-- Generated by org.testng.reporters.JUnitReportReporter -->
<testsuite hostname="LAPTOP-GUFEFGHA" failures="0" tests="3" name="TestRunner.phpTravels" time="94.044" errors="0" timestamp="3 Jun 2022 04:48:52 GMT">
  <testcase classname="TestRunner.phpTravels" name="loginTest" time="15.221"/>
  <testcase classname="TestRunner.phpTravels" name="signUpTest" time="54.108"/>
  <testcase classname="TestRunner.phpTravels" name="pricingBtnDemo" time="24.715"/>
</testsuite>
